TN:
SF:/Volumes/work/me/project/vue/vue-player/examples/examples/App.vue
FN:15,(anonymous_0)
FNF:1
FNH:1
FNDA:1,(anonymous_0)
DA:11,1
LF:1
LH:1
BRF:0
BRH:0
end_of_record
TN:
SF:/Volumes/work/me/project/vue/vue-player/packages/slider/index.js
FN:3,(anonymous_0)
FNF:1
FNH:0
FNDA:0,(anonymous_0)
DA:3,1
DA:4,0
LF:2
LH:1
BRF:0
BRH:0
end_of_record
TN:
SF:/Volumes/work/me/project/vue/vue-player/packages/slider/src/packages/slider/src/button.vue
FN:47,(anonymous_0)
FN:60,(anonymous_1)
FN:70,(anonymous_2)
FN:83,(anonymous_3)
FN:87,(anonymous_4)
FN:91,(anonymous_5)
FN:94,(anonymous_6)
FN:99,(anonymous_7)
FN:107,(anonymous_8)
FN:117,(anonymous_9)
FN:126,(anonymous_10)
FN:137,(anonymous_11)
FNF:12
FNH:5
FNDA:2,(anonymous_0)
FNDA:2,(anonymous_1)
FNDA:2,(anonymous_2)
FNDA:2,(anonymous_3)
FNDA:2,(anonymous_4)
FNDA:0,(anonymous_5)
FNDA:0,(anonymous_6)
FNDA:0,(anonymous_7)
FNDA:0,(anonymous_8)
FNDA:0,(anonymous_9)
FNDA:0,(anonymous_10)
FNDA:0,(anonymous_11)
DA:48,2
DA:61,2
DA:62,2
DA:63,2
DA:64,2
DA:65,2
DA:72,2
DA:73,0
DA:75,2
DA:77,2
DA:84,2
DA:88,2
DA:92,0
DA:95,0
DA:96,0
DA:100,0
DA:101,0
DA:102,0
DA:103,0
DA:104,0
DA:105,0
DA:108,0
DA:109,0
DA:110,0
DA:111,0
DA:112,0
DA:114,0
DA:115,0
DA:118,0
DA:119,0
DA:120,0
DA:121,0
DA:122,0
DA:123,0
DA:124,0
DA:127,0
DA:128,0
DA:129,0
DA:130,0
DA:132,0
DA:133,0
DA:134,0
DA:135,0
DA:138,0
DA:139,0
DA:140,0
DA:141,0
DA:143,0
LF:48
LH:11
BRDA:72,0,0,0
BRDA:72,0,1,2
BRDA:95,1,0,0
BRDA:95,1,1,0
BRDA:110,2,0,0
BRDA:110,2,1,0
BRDA:128,3,0,0
BRDA:128,3,1,0
BRDA:138,4,0,0
BRDA:138,4,1,0
BRDA:140,5,0,0
BRDA:140,5,1,0
BRF:12
BRH:1
end_of_record
TN:
SF:/Volumes/work/me/project/vue/vue-player/packages/slider/src/packages/slider/src/main.vue
FN:59,(anonymous_0)
FN:69,(anonymous_1)
FN:80,(anonymous_2)
FN:92,(anonymous_3)
FN:105,(anonymous_4)
FN:115,(anonymous_5)
FN:120,(anonymous_6)
FN:127,(anonymous_7)
FN:132,(anonymous_8)
FN:136,(anonymous_9)
FN:140,(anonymous_10)
FN:152,(anonymous_11)
FNF:12
FNH:9
FNDA:2,(anonymous_0)
FNDA:2,(anonymous_1)
FNDA:2,(anonymous_2)
FNDA:2,(anonymous_3)
FNDA:2,(anonymous_4)
FNDA:2,(anonymous_5)
FNDA:0,(anonymous_6)
FNDA:2,(anonymous_7)
FNDA:1,(anonymous_8)
FNDA:2,(anonymous_9)
FNDA:0,(anonymous_10)
FNDA:0,(anonymous_11)
DA:61,2
DA:63,2
DA:64,2
DA:70,2
DA:72,2
DA:73,2
DA:81,2
DA:82,2
DA:83,2
DA:85,2
DA:93,2
DA:94,2
DA:95,2
DA:97,2
DA:106,2
DA:116,2
DA:121,0
DA:122,0
DA:123,0
DA:128,2
DA:129,2
DA:130,2
DA:133,1
DA:137,2
DA:138,2
DA:141,0
DA:142,0
DA:143,0
DA:144,0
DA:145,0
DA:146,0
DA:148,0
DA:150,0
DA:153,0
LF:34
LH:22
BRDA:61,0,0,2
BRDA:61,0,1,0
BRDA:63,1,0,0
BRDA:63,1,1,2
BRDA:72,2,0,0
BRDA:72,2,1,2
BRDA:82,3,0,2
BRDA:82,3,1,0
BRDA:94,4,0,2
BRDA:94,4,1,0
BRDA:121,5,0,0
BRDA:121,5,1,0
BRDA:137,6,0,0
BRDA:137,6,1,2
BRDA:143,7,0,0
BRDA:143,7,1,0
BRDA:145,8,0,0
BRDA:145,8,1,0
BRF:18
BRH:6
end_of_record
TN:
SF:/Volumes/work/me/project/vue/vue-player/packages/video/index.js
FN:3,(anonymous_0)
FNF:1
FNH:0
FNDA:0,(anonymous_0)
DA:3,1
DA:4,0
LF:2
LH:1
BRF:0
BRH:0
end_of_record
TN:
SF:/Volumes/work/me/project/vue/vue-player/packages/video/src/packages/video/src/controls.vue
FN:49,(anonymous_0)
FN:91,(anonymous_1)
FN:97,(anonymous_2)
FN:101,(anonymous_3)
FN:108,(anonymous_4)
FN:116,(anonymous_5)
FN:132,(anonymous_6)
FN:136,(anonymous_7)
FN:137,(anonymous_8)
FN:141,(anonymous_9)
FN:147,(anonymous_10)
FN:150,(anonymous_11)
FN:153,(anonymous_12)
FN:162,(anonymous_13)
FNF:14
FNH:6
FNDA:16,(anonymous_0)
FNDA:1,(anonymous_1)
FNDA:0,(anonymous_2)
FNDA:0,(anonymous_3)
FNDA:1,(anonymous_4)
FNDA:4,(anonymous_5)
FNDA:0,(anonymous_6)
FNDA:0,(anonymous_7)
FNDA:0,(anonymous_8)
FNDA:2,(anonymous_9)
FNDA:0,(anonymous_10)
FNDA:0,(anonymous_11)
FNDA:2,(anonymous_12)
FNDA:0,(anonymous_13)
DA:48,1
DA:49,1
DA:50,16
DA:51,16
DA:53,0
DA:92,2
DA:93,0
DA:98,0
DA:99,0
DA:102,0
DA:103,0
DA:104,0
DA:109,1
DA:117,4
DA:118,4
DA:119,4
DA:120,4
DA:121,4
DA:122,4
DA:123,4
DA:124,0
DA:125,4
DA:126,0
DA:128,4
DA:133,0
DA:137,0
DA:138,0
DA:142,2
DA:143,0
DA:144,0
DA:148,0
DA:151,0
DA:154,2
DA:155,2
DA:156,2
DA:158,0
DA:159,0
DA:163,0
DA:164,0
DA:166,0
DA:169,0
DA:170,0
DA:171,0
LF:43
LH:19
BRDA:50,0,0,16
BRDA:50,0,1,0
BRDA:92,1,0,1
BRDA:92,1,1,0
BRDA:98,2,0,0
BRDA:98,2,1,0
BRDA:103,3,0,0
BRDA:103,3,1,0
BRDA:123,4,0,0
BRDA:123,4,1,4
BRDA:125,5,0,0
BRDA:125,5,1,4
BRDA:142,6,0,0
BRDA:142,6,1,2
BRDA:158,7,0,0
BRDA:158,7,1,0
BRDA:158,8,0,0
BRDA:158,8,1,0
BRDA:163,9,0,0
BRDA:163,9,1,0
BRDA:170,10,0,0
BRDA:170,10,1,0
BRF:22
BRH:5
end_of_record
TN:
SF:/Volumes/work/me/project/vue/vue-player/packages/video/src/packages/video/src/main.vue
FN:50,(anonymous_0)
FN:62,(anonymous_1)
FN:67,(anonymous_2)
FN:71,(anonymous_3)
FN:78,(anonymous_4)
FN:90,(anonymous_5)
FN:98,(anonymous_6)
FN:102,(anonymous_7)
FN:105,(anonymous_8)
FN:109,(anonymous_9)
FN:114,(anonymous_10)
FN:117,(anonymous_11)
FN:120,(anonymous_12)
FN:125,(anonymous_13)
FN:132,(anonymous_14)
FN:135,(anonymous_15)
FNF:16
FNH:5
FNDA:1,(anonymous_0)
FNDA:1,(anonymous_1)
FNDA:0,(anonymous_2)
FNDA:1,(anonymous_3)
FNDA:1,(anonymous_4)
FNDA:0,(anonymous_5)
FNDA:0,(anonymous_6)
FNDA:0,(anonymous_7)
FNDA:0,(anonymous_8)
FNDA:0,(anonymous_9)
FNDA:1,(anonymous_10)
FNDA:0,(anonymous_11)
FNDA:0,(anonymous_12)
FNDA:0,(anonymous_13)
FNDA:0,(anonymous_14)
FNDA:0,(anonymous_15)
DA:51,1
DA:63,1
DA:68,0
DA:69,0
DA:75,1
DA:79,1
DA:80,1
DA:81,1
DA:82,1
DA:83,1
DA:84,1
DA:85,1
DA:86,1
DA:87,1
DA:88,1
DA:91,0
DA:92,0
DA:93,0
DA:94,0
DA:99,0
DA:100,0
DA:103,0
DA:106,0
DA:107,0
DA:110,0
DA:111,0
DA:112,0
DA:115,1
DA:118,0
DA:121,0
DA:122,0
DA:126,0
DA:127,0
DA:129,0
DA:133,0
DA:137,0
LF:36
LH:14
BRDA:68,0,0,0
BRDA:68,0,1,0
BRDA:75,1,0,1
BRDA:75,1,1,0
BRDA:126,2,0,0
BRDA:126,2,1,0
BRF:6
BRH:1
end_of_record
TN:
SF:/Volumes/work/me/project/vue/vue-player/src/utils/browser.js
FNF:0
FNH:0
DA:6,1
LF:1
LH:1
BRDA:7,0,0,1
BRDA:7,0,1,1
BRDA:10,1,0,1
BRDA:10,1,1,1
BRF:4
BRH:4
end_of_record
TN:
SF:/Volumes/work/me/project/vue/vue-player/src/utils/event.js
FNF:0
FNH:0
DA:2,1
DA:29,1
LF:2
LH:2
BRF:0
BRH:0
end_of_record
TN:
SF:/Volumes/work/me/project/vue/vue-player/src/utils/fullscreen.js
FN:57,(anonymous_0)
FN:63,(anonymous_1)
FN:83,(anonymous_2)
FN:96,(anonymous_3)
FN:102,(anonymous_4)
FN:107,(anonymous_5)
FN:112,(anonymous_6)
FN:122,(anonymous_7)
FN:124,(anonymous_8)
FN:137,(anonymous_9)
FN:147,(anonymous_10)
FNF:11
FNH:4
FNDA:1,(anonymous_0)
FNDA:2,(anonymous_1)
FNDA:0,(anonymous_2)
FNDA:1,(anonymous_3)
FNDA:0,(anonymous_4)
FNDA:0,(anonymous_5)
FNDA:0,(anonymous_6)
FNDA:1,(anonymous_7)
FNDA:0,(anonymous_8)
FNDA:0,(anonymous_9)
FNDA:0,(anonymous_10)
DA:2,1
DA:9,1
DA:17,1
DA:22,1
DA:58,1
DA:59,1
DA:60,1
DA:64,2
DA:65,2
DA:68,0
DA:69,0
DA:72,0
DA:73,0
DA:76,0
DA:77,0
DA:80,0
DA:84,0
DA:85,0
DA:87,0
DA:88,0
DA:91,0
DA:92,0
DA:97,1
DA:98,1
DA:99,1
DA:103,0
DA:104,0
DA:108,0
DA:109,0
DA:113,0
DA:114,0
DA:115,0
DA:117,0
DA:118,0
DA:123,1
DA:124,0
DA:125,0
DA:126,0
DA:127,0
DA:128,0
DA:129,0
DA:131,1
DA:132,1
DA:133,1
DA:134,1
DA:136,1
DA:137,1
DA:138,0
DA:140,0
DA:141,0
DA:148,0
DA:149,0
DA:150,0
DA:151,0
DA:152,0
DA:153,0
DA:154,0
DA:156,0
DA:157,0
LF:59
LH:19
BRDA:2,0,0,1
BRDA:2,0,1,0
BRDA:2,1,0,1
BRDA:2,1,1,1
BRDA:64,2,0,2
BRDA:64,2,1,0
BRDA:68,3,0,0
BRDA:68,3,1,0
BRDA:72,4,0,0
BRDA:72,4,1,0
BRDA:76,5,0,0
BRDA:76,5,1,0
BRDA:85,6,0,0
BRDA:85,6,1,0
BRDA:98,7,0,1
BRDA:98,7,1,0
BRDA:113,8,0,0
BRDA:113,8,1,0
BRDA:123,9,0,0
BRDA:123,9,1,1
BRDA:132,10,0,1
BRDA:132,10,1,0
BRDA:138,11,0,0
BRDA:138,11,1,0
BRDA:141,12,0,0
BRDA:141,12,1,0
BRDA:148,13,0,0
BRDA:148,13,1,0
BRDA:156,14,0,0
BRDA:156,14,1,0
BRDA:156,15,0,0
BRDA:156,15,1,0
BRF:32
BRH:7
end_of_record
TN:
SF:/Volumes/work/me/project/vue/vue-player/src/utils/index.js
FN:1,(anonymous_0)
FN:3,(anonymous_1)
FN:9,(anonymous_2)
FN:17,(anonymous_3)
FN:19,(anonymous_4)
FN:25,(anonymous_5)
FN:33,(anonymous_6)
FN:34,(anonymous_7)
FN:43,(anonymous_8)
FN:44,(anonymous_9)
FN:45,(anonymous_10)
FNF:11
FNH:4
FNDA:1,(anonymous_0)
FNDA:9,(anonymous_1)
FNDA:0,(anonymous_2)
FNDA:1,(anonymous_3)
FNDA:1,(anonymous_4)
FNDA:0,(anonymous_5)
FNDA:0,(anonymous_6)
FNDA:0,(anonymous_7)
FNDA:0,(anonymous_8)
FNDA:0,(anonymous_9)
FNDA:0,(anonymous_10)
DA:1,1
DA:2,1
DA:3,1
DA:4,9
DA:5,8
DA:9,0
DA:10,0
DA:11,0
DA:17,1
DA:18,1
DA:19,1
DA:20,1
DA:21,1
DA:25,0
DA:26,0
DA:27,0
DA:33,1
DA:34,0
DA:35,0
DA:36,0
DA:38,0
DA:40,0
DA:43,1
DA:44,0
DA:45,0
DA:46,0
LF:26
LH:12
BRDA:2,0,0,1
BRDA:2,0,1,0
BRDA:4,1,0,8
BRDA:4,1,1,1
BRDA:4,2,0,9
BRDA:4,2,1,9
BRDA:4,2,2,9
BRDA:10,3,0,0
BRDA:10,3,1,0
BRDA:10,4,0,0
BRDA:10,4,1,0
BRDA:10,4,2,0
BRDA:18,5,0,1
BRDA:18,5,1,0
BRDA:20,6,0,1
BRDA:20,6,1,0
BRDA:20,7,0,1
BRDA:20,7,1,1
BRDA:26,8,0,0
BRDA:26,8,1,0
BRDA:26,9,0,0
BRDA:26,9,1,0
BRDA:35,10,0,0
BRDA:35,10,1,0
BRF:24
BRH:10
end_of_record
